  Camera.cpp
  Curve.cpp
c:\users\i844141\documents\unisinos\2018-2\computacao_grafica\gb\aula01\curve.h(16): warning C4305: 'initializing': truncation from 'double' to 'float'
c:\users\i844141\documents\unisinos\2018-2\computacao_grafica\gb\aula01\curve.cpp(43): warning C4244: '=': conversion from 'double' to '_Ty', possible loss of data
          with
          [
              _Ty=float
          ]
c:\users\i844141\documents\unisinos\2018-2\computacao_grafica\gb\aula01\curve.cpp(47): warning C4244: '=': conversion from 'double' to '_Ty', possible loss of data
          with
          [
              _Ty=float
          ]
c:\users\i844141\documents\unisinos\2018-2\computacao_grafica\gb\aula01\curve.cpp(57): warning C4244: 'initializing': conversion from 'double' to 'float', possible loss of data
c:\users\i844141\documents\unisinos\2018-2\computacao_grafica\gb\aula01\curve.cpp(80): warning C4244: '=': conversion from 'float' to 'int', possible loss of data
c:\users\i844141\documents\unisinos\2018-2\computacao_grafica\gb\aula01\curve.cpp(84): warning C4244: '=': conversion from 'float' to 'int', possible loss of data
c:\users\i844141\documents\unisinos\2018-2\computacao_grafica\gb\aula01\curve.cpp(89): warning C4244: 'argument': conversion from 'int' to 'const _Ty', possible loss of data
          with
          [
              _Ty=float
          ]
c:\users\i844141\documents\unisinos\2018-2\computacao_grafica\gb\aula01\curve.cpp(90): warning C4244: 'argument': conversion from 'int' to 'const _Ty', possible loss of data
          with
          [
              _Ty=float
          ]
c:\users\i844141\documents\unisinos\2018-2\computacao_grafica\gb\aula01\curve.cpp(93): warning C4244: '=': conversion from 'int' to 'float', possible loss of data
c:\users\i844141\documents\unisinos\2018-2\computacao_grafica\gb\aula01\curve.cpp(165): warning C4244: '=': conversion from 'double' to 'float', possible loss of data
c:\users\i844141\documents\unisinos\2018-2\computacao_grafica\gb\aula01\curve.cpp(166): warning C4244: '=': conversion from 'double' to 'float', possible loss of data
  CurveDesigner.cpp
c:\users\i844141\documents\unisinos\2018-2\computacao_grafica\gb\aula01\curve.h(16): warning C4305: 'initializing': truncation from 'double' to 'float'
c:\users\i844141\documents\unisinos\2018-2\computacao_grafica\gb\aula01\curvedesigner.cpp(85): warning C4244: 'argument': conversion from 'double' to 'float', possible loss of data
c:\users\i844141\documents\unisinos\2018-2\computacao_grafica\gb\aula01\curvedesigner.cpp(88): warning C4244: 'argument': conversion from 'double' to 'float', possible loss of data
  Scene.cpp
c:\users\i844141\documents\unisinos\2018-2\computacao_grafica\gb\aula01\scene.cpp(27): warning C4244: '=': conversion from 'double' to 'float', possible loss of data
c:\users\i844141\documents\unisinos\2018-2\computacao_grafica\gb\aula01\scene.cpp(28): warning C4244: '=': conversion from 'double' to 'float', possible loss of data
c:\users\i844141\documents\unisinos\2018-2\computacao_grafica\gb\aula01\scene.cpp(32): warning C4244: 'initializing': conversion from 'double' to 'float', possible loss of data
c:\users\i844141\documents\unisinos\2018-2\computacao_grafica\gb\aula01\scene.cpp(33): warning C4244: 'initializing': conversion from 'double' to 'float', possible loss of data
c:\users\i844141\documents\unisinos\2018-2\computacao_grafica\gb\aula01\scene.cpp(35): warning C4244: '=': conversion from 'double' to 'float', possible loss of data
c:\users\i844141\documents\unisinos\2018-2\computacao_grafica\gb\aula01\scene.cpp(36): warning C4244: '=': conversion from 'double' to 'float', possible loss of data
c:\users\i844141\documents\unisinos\2018-2\computacao_grafica\gb\aula01\scene.cpp(44): warning C4244: 'argument': conversion from 'double' to 'float', possible loss of data
c:\users\i844141\documents\unisinos\2018-2\computacao_grafica\gb\aula01\scene.cpp(141): warning C4244: 'argument': conversion from 'double' to '_Ty', possible loss of data
          with
          [
              _Ty=float
          ]
c:\users\i844141\documents\unisinos\2018-2\computacao_grafica\gb\aula01\scene.cpp(226): warning C4244: 'initializing': conversion from 'double' to 'float', possible loss of data
  scene_test.cpp
c:\users\i844141\documents\unisinos\2018-2\computacao_grafica\gb\aula01\curve.h(16): warning C4305: 'initializing': truncation from 'double' to 'float'
c:\users\i844141\documents\unisinos\2018-2\computacao_grafica\gb\aula01\scene_test.cpp(4): warning C4067: unexpected tokens following preprocessor directive - expected a newline
  Generating Code...
c:\users\i844141\documents\unisinos\2018-2\computacao_grafica\gb\aula01\scene.cpp(90): warning C4715: 'Scene::setupGLFW': not all control paths return a value
c:\users\i844141\documents\unisinos\2018-2\computacao_grafica\gb\aula01\curvedesigner.cpp(166): warning C4715: 'CurveDesigner::initGLFW': not all control paths return a value
  Aula01.vcxproj -> C:\Users\I844141\Documents\Unisinos\2018-2\computacao_grafica\GB\Debug\Aula01.exe
